# JRE version: OpenJDK Runtime Environment (8.0_92-b14) (build 1.8.0_92-b14)
# Java VM: OpenJDK 64-Bit Server VM (25.92-b14 mixed mode linux-amd64 compressed oops)
Heap:
 PSYoungGen      total 207872K, used 17385K [0x00000000eab00000, 0x00000000f8880000, 0x0000000100000000)
  eden space 190464K, 0% used [0x00000000eab00000,0x00000000eab00000,0x00000000f6500000)
  from space 17408K, 99% used [0x00000000f6500000,0x00000000f75fa7c0,0x00000000f7600000)
  to   space 14336K, 0% used [0x00000000f7600000,0x00000000f7600000,0x00000000f8400000)
 ParOldGen       total 99840K, used 23345K [0x00000000c0000000, 0x00000000c6180000, 0x00000000eab00000)
  object space 99840K, 23% used [0x00000000c0000000,0x00000000c16cc758,0x00000000c6180000)
 Metaspace       used 43204K, capacity 44280K, committed 44544K, reserved 1087488K
  class space    used 5882K, capacity 6131K, committed 6144K, reserved 1048576K
GC Heap History (10 events):
Event: 3.172 GC heap after
Heap after GC invocations=4 (full 0):
 PSYoungGen      total 132096K, used 5094K [0x00000000eab00000, 0x00000000f3100000, 0x0000000100000000)
  eden space 126976K, 0% used [0x00000000eab00000,0x00000000eab00000,0x00000000f2700000)
  from space 5120K, 99% used [0x00000000f2c00000,0x00000000f30f9af8,0x00000000f3100000)
  to   space 5120K, 0% used [0x00000000f2700000,0x00000000f2700000,0x00000000f2c00000)
 ParOldGen       total 84992K, used 8967K [0x00000000c0000000, 0x00000000c5300000, 0x00000000eab00000)
  object space 84992K, 10% used [0x00000000c0000000,0x00000000c08c1d50,0x00000000c5300000)
 Metaspace       used 20839K, capacity 21150K, committed 21296K, reserved 1067008K
  class space    used 2788K, capacity 2880K, committed 2944K, reserved 1048576K
}
Event: 3.172 GC heap before
{Heap before GC invocations=5 (full 1):
 PSYoungGen      total 132096K, used 5094K [0x00000000eab00000, 0x00000000f3100000, 0x0000000100000000)
  eden space 126976K, 0% used [0x00000000eab00000,0x00000000eab00000,0x00000000f2700000)
  from space 5120K, 99% used [0x00000000f2c00000,0x00000000f30f9af8,0x00000000f3100000)
  to   space 5120K, 0% used [0x00000000f2700000,0x00000000f2700000,0x00000000f2c00000)
 ParOldGen       total 84992K, used 8967K [0x00000000c0000000, 0x00000000c5300000, 0x00000000eab00000)
  object space 84992K, 10% used [0x00000000c0000000,0x00000000c08c1d50,0x00000000c5300000)
 Metaspace       used 20839K, capacity 21150K, committed 21296K, reserved 1067008K
  class space    used 2788K, capacity 2880K, committed 2944K, reserved 1048576K
Event: 3.307 GC heap after
Heap after GC invocations=5 (full 1):
 PSYoungGen      total 132096K, used 0K [0x00000000eab00000, 0x00000000f3100000, 0x0000000100000000)
  eden space 126976K, 0% used [0x00000000eab00000,0x00000000eab00000,0x00000000f2700000)
  from space 5120K, 0% used [0x00000000f2c00000,0x00000000f2c00000,0x00000000f3100000)
  to   space 5120K, 0% used [0x00000000f2700000,0x00000000f2700000,0x00000000f2c00000)
 ParOldGen       total 60928K, used 8096K [0x00000000c0000000, 0x00000000c3b80000, 0x00000000eab00000)
  object space 60928K, 13% used [0x00000000c0000000,0x00000000c07e8018,0x00000000c3b80000)
 Metaspace       used 20839K, capacity 21150K, committed 21296K, reserved 1067008K
  class space    used 2788K, capacity 2880K, committed 2944K, reserved 1048576K
}
Event: 6.523 GC heap before
{Heap before GC invocations=6 (full 1):
 PSYoungGen      total 132096K, used 126976K [0x00000000eab00000, 0x00000000f3100000, 0x0000000100000000)
  eden space 126976K, 100% used [0x00000000eab00000,0x00000000f2700000,0x00000000f2700000)
  from space 5120K, 0% used [0x00000000f2c00000,0x00000000f2c00000,0x00000000f3100000)
  to   space 5120K, 0% used [0x00000000f2700000,0x00000000f2700000,0x00000000f2c00000)
 ParOldGen       total 60928K, used 8096K [0x00000000c0000000, 0x00000000c3b80000, 0x00000000eab00000)
  object space 60928K, 13% used [0x00000000c0000000,0x00000000c07e8018,0x00000000c3b80000)
 Metaspace       used 29590K, capacity 30082K, committed 30336K, reserved 1075200K
  class space    used 3950K, capacity 4146K, committed 4224K, reserved 1048576K
Event: 6.580 GC heap after
Heap after GC invocations=6 (full 1):
 PSYoungGen      total 132096K, used 5092K [0x00000000eab00000, 0x00000000f8400000, 0x0000000100000000)
  eden space 126976K, 0% used [0x00000000eab00000,0x00000000eab00000,0x00000000f2700000)
  from space 5120K, 99% used [0x00000000f2700000,0x00000000f2bf9030,0x00000000f2c00000)
  to   space 14336K, 0% used [0x00000000f7600000,0x00000000f7600000,0x00000000f8400000)
 ParOldGen       total 60928K, used 14498K [0x00000000c0000000, 0x00000000c3b80000, 0x00000000eab00000)
  object space 60928K, 23% used [0x00000000c0000000,0x00000000c0e28ad0,0x00000000c3b80000)
 Metaspace       used 29590K, capacity 30082K, committed 30336K, reserved 1075200K
  class space    used 3950K, capacity 4146K, committed 4224K, reserved 1048576K
}
Event: 7.855 GC heap before
{Heap before GC invocations=7 (full 1):
 PSYoungGen      total 132096K, used 90096K [0x00000000eab00000, 0x00000000f8400000, 0x0000000100000000)
  eden space 126976K, 66% used [0x00000000eab00000,0x00000000efe03120,0x00000000f2700000)
  from space 5120K, 99% used [0x00000000f2700000,0x00000000f2bf9030,0x00000000f2c00000)
  to   space 14336K, 0% used [0x00000000f7600000,0x00000000f7600000,0x00000000f8400000)
 ParOldGen       total 60928K, used 14498K [0x00000000c0000000, 0x00000000c3b80000, 0x00000000eab00000)
  object space 60928K, 23% used [0x00000000c0000000,0x00000000c0e28ad0,0x00000000c3b80000)
 Metaspace       used 34791K, capacity 35406K, committed 35496K, reserved 1079296K
  class space    used 4683K, capacity 4829K, committed 4864K, reserved 1048576K
Event: 7.902 GC heap after
Heap after GC invocations=7 (full 1):
 PSYoungGen      total 204800K, used 14322K [0x00000000eab00000, 0x00000000f8880000, 0x0000000100000000)
  eden space 190464K, 0% used [0x00000000eab00000,0x00000000eab00000,0x00000000f6500000)
  from space 14336K, 99% used [0x00000000f7600000,0x00000000f83fc9a0,0x00000000f8400000)
  to   space 17408K, 0% used [0x00000000f6500000,0x00000000f6500000,0x00000000f7600000)
 ParOldGen       total 60928K, used 14677K [0x00000000c0000000, 0x00000000c3b80000, 0x00000000eab00000)
  object space 60928K, 24% used [0x00000000c0000000,0x00000000c0e55778,0x00000000c3b80000)
 Metaspace       used 34791K, capacity 35406K, committed 35496K, reserved 1079296K
  class space    used 4683K, capacity 4829K, committed 4864K, reserved 1048576K
}
Event: 7.902 GC heap before
{Heap before GC invocations=8 (full 2):
 PSYoungGen      total 204800K, used 14322K [0x00000000eab00000, 0x00000000f8880000, 0x0000000100000000)
  eden space 190464K, 0% used [0x00000000eab00000,0x00000000eab00000,0x00000000f6500000)
  from space 14336K, 99% used [0x00000000f7600000,0x00000000f83fc9a0,0x00000000f8400000)
  to   space 17408K, 0% used [0x00000000f6500000,0x00000000f6500000,0x00000000f7600000)
 ParOldGen       total 60928K, used 14677K [0x00000000c0000000, 0x00000000c3b80000, 0x00000000eab00000)
  object space 60928K, 24% used [0x00000000c0000000,0x00000000c0e55778,0x00000000c3b80000)
 Metaspace       used 34791K, capacity 35406K, committed 35496K, reserved 1079296K
  class space    used 4683K, capacity 4829K, committed 4864K, reserved 1048576K
Event: 8.107 GC heap after
Heap after GC invocations=8 (full 2):
 PSYoungGen      total 204800K, used 0K [0x00000000eab00000, 0x00000000f8880000, 0x0000000100000000)
  eden space 190464K, 0% used [0x00000000eab00000,0x00000000eab00000,0x00000000f6500000)
  from space 14336K, 0% used [0x00000000f7600000,0x00000000f7600000,0x00000000f8400000)
  to   space 17408K, 0% used [0x00000000f6500000,0x00000000f6500000,0x00000000f7600000)
 ParOldGen       total 99840K, used 22341K [0x00000000c0000000, 0x00000000c6180000, 0x00000000eab00000)
  object space 99840K, 22% used [0x00000000c0000000,0x00000000c15d1600,0x00000000c6180000)
 Metaspace       used 34791K, capacity 35406K, committed 35496K, reserved 1079296K
  class space    used 4683K, capacity 4829K, committed 4864K, reserved 1048576K
}
Event: 12.466 GC heap before
{Heap before GC invocations=9 (full 2):
 PSYoungGen      total 204800K, used 190464K [0x00000000eab00000, 0x00000000f8880000, 0x0000000100000000)
  eden space 190464K, 100% used [0x00000000eab00000,0x00000000f6500000,0x00000000f6500000)
  from space 14336K, 0% used [0x00000000f7600000,0x00000000f7600000,0x00000000f8400000)
  to   space 17408K, 0% used [0x00000000f6500000,0x00000000f6500000,0x00000000f7600000)
 ParOldGen       total 99840K, used 22341K [0x00000000c0000000, 0x00000000c6180000, 0x00000000eab00000)
  object space 99840K, 22% used [0x00000000c0000000,0x00000000c15d1600,0x00000000c6180000)
 Metaspace       used 43204K, capacity 44280K, committed 44544K, reserved 1087488K
  class space    used 5882K, capacity 6131K, committed 6144K, reserved 1048576K

