# JRE version: OpenJDK Runtime Environment (8.0_92-b14) (build 1.8.0_92-b14)
# Java VM: OpenJDK 64-Bit Server VM (25.92-b14 mixed mode linux-amd64 compressed oops)
Heap:
 PSYoungGen      total 209408K, used 8310K [0x00000000eab00000, 0x00000000f8a80000, 0x0000000100000000)
  eden space 189952K, 0% used [0x00000000eab00000,0x00000000eab00000,0x00000000f6480000)
  from space 19456K, 42% used [0x00000000f6480000,0x00000000f6c9dae8,0x00000000f7780000)
  to   space 16384K, 0% used [0x00000000f7980000,0x00000000f7980000,0x00000000f8980000)
 ParOldGen       total 91648K, used 39092K [0x00000000c0000000, 0x00000000c5980000, 0x00000000eab00000)
  object space 91648K, 42% used [0x00000000c0000000,0x00000000c262d080,0x00000000c5980000)
 Metaspace       used 52453K, capacity 53762K, committed 54144K, reserved 1095680K
  class space    used 6903K, capacity 7200K, committed 7296K, reserved 1048576K
GC Heap History (10 events):
Event: 6.920 GC heap after
Heap after GC invocations=8 (full 1):
 PSYoungGen      total 133632K, used 10228K [0x00000000eab00000, 0x00000000f5980000, 0x0000000100000000)
  eden space 123392K, 0% used [0x00000000eab00000,0x00000000eab00000,0x00000000f2380000)
  from space 10240K, 99% used [0x00000000f2380000,0x00000000f2d7d198,0x00000000f2d80000)
  to   space 12288K, 0% used [0x00000000f4d80000,0x00000000f4d80000,0x00000000f5980000)
 ParOldGen       total 58368K, used 9426K [0x00000000c0000000, 0x00000000c3900000, 0x00000000eab00000)
  object space 58368K, 16% used [0x00000000c0000000,0x00000000c0934858,0x00000000c3900000)
 Metaspace       used 32092K, capacity 32654K, committed 32896K, reserved 1077248K
  class space    used 4265K, capacity 4456K, committed 4480K, reserved 1048576K
}
Event: 7.700 GC heap before
{Heap before GC invocations=9 (full 1):
 PSYoungGen      total 133632K, used 60019K [0x00000000eab00000, 0x00000000f5980000, 0x0000000100000000)
  eden space 123392K, 40% used [0x00000000eab00000,0x00000000edb9fcf8,0x00000000f2380000)
  from space 10240K, 99% used [0x00000000f2380000,0x00000000f2d7d198,0x00000000f2d80000)
  to   space 12288K, 0% used [0x00000000f4d80000,0x00000000f4d80000,0x00000000f5980000)
 ParOldGen       total 58368K, used 9426K [0x00000000c0000000, 0x00000000c3900000, 0x00000000eab00000)
  object space 58368K, 16% used [0x00000000c0000000,0x00000000c0934858,0x00000000c3900000)
 Metaspace       used 34903K, capacity 35462K, committed 35496K, reserved 1079296K
  class space    used 4702K, capacity 4863K, committed 4864K, reserved 1048576K
Event: 7.761 GC heap after
Heap after GC invocations=9 (full 1):
 PSYoungGen      total 164352K, used 12265K [0x00000000eab00000, 0x00000000f8b00000, 0x0000000100000000)
  eden space 152064K, 0% used [0x00000000eab00000,0x00000000eab00000,0x00000000f3f80000)
  from space 12288K, 99% used [0x00000000f4d80000,0x00000000f597a5b0,0x00000000f5980000)
  to   space 14336K, 0% used [0x00000000f3f80000,0x00000000f3f80000,0x00000000f4d80000)
 ParOldGen       total 58368K, used 10208K [0x00000000c0000000, 0x00000000c3900000, 0x00000000eab00000)
  object space 58368K, 17% used [0x00000000c0000000,0x00000000c09f8228,0x00000000c3900000)
 Metaspace       used 34903K, capacity 35462K, committed 35496K, reserved 1079296K
  class space    used 4702K, capacity 4863K, committed 4864K, reserved 1048576K
}
Event: 7.761 GC heap before
{Heap before GC invocations=10 (full 2):
 PSYoungGen      total 164352K, used 12265K [0x00000000eab00000, 0x00000000f8b00000, 0x0000000100000000)
  eden space 152064K, 0% used [0x00000000eab00000,0x00000000eab00000,0x00000000f3f80000)
  from space 12288K, 99% used [0x00000000f4d80000,0x00000000f597a5b0,0x00000000f5980000)
  to   space 14336K, 0% used [0x00000000f3f80000,0x00000000f3f80000,0x00000000f4d80000)
 ParOldGen       total 58368K, used 10208K [0x00000000c0000000, 0x00000000c3900000, 0x00000000eab00000)
  object space 58368K, 17% used [0x00000000c0000000,0x00000000c09f8228,0x00000000c3900000)
 Metaspace       used 34903K, capacity 35462K, committed 35496K, reserved 1079296K
  class space    used 4702K, capacity 4863K, committed 4864K, reserved 1048576K
Event: 8.001 GC heap after
Heap after GC invocations=10 (full 2):
 PSYoungGen      total 164352K, used 0K [0x00000000eab00000, 0x00000000f8b00000, 0x0000000100000000)
  eden space 152064K, 0% used [0x00000000eab00000,0x00000000eab00000,0x00000000f3f80000)
  from space 12288K, 0% used [0x00000000f4d80000,0x00000000f4d80000,0x00000000f5980000)
  to   space 14336K, 0% used [0x00000000f3f80000,0x00000000f3f80000,0x00000000f4d80000)
 ParOldGen       total 91648K, used 20390K [0x00000000c0000000, 0x00000000c5980000, 0x00000000eab00000)
  object space 91648K, 22% used [0x00000000c0000000,0x00000000c13e9a08,0x00000000c5980000)
 Metaspace       used 34903K, capacity 35462K, committed 35496K, reserved 1079296K
  class space    used 4702K, capacity 4863K, committed 4864K, reserved 1048576K
}
Event: 10.841 GC heap before
{Heap before GC invocations=11 (full 2):
 PSYoungGen      total 164352K, used 152064K [0x00000000eab00000, 0x00000000f8b00000, 0x0000000100000000)
  eden space 152064K, 100% used [0x00000000eab00000,0x00000000f3f80000,0x00000000f3f80000)
  from space 12288K, 0% used [0x00000000f4d80000,0x00000000f4d80000,0x00000000f5980000)
  to   space 14336K, 0% used [0x00000000f3f80000,0x00000000f3f80000,0x00000000f4d80000)
 ParOldGen       total 91648K, used 20390K [0x00000000c0000000, 0x00000000c5980000, 0x00000000eab00000)
  object space 91648K, 22% used [0x00000000c0000000,0x00000000c13e9a08,0x00000000c5980000)
 Metaspace       used 42298K, capacity 43380K, committed 43776K, reserved 1087488K
  class space    used 5753K, capacity 6023K, committed 6144K, reserved 1048576K
Event: 10.878 GC heap after
Heap after GC invocations=11 (full 2):
 PSYoungGen      total 166400K, used 14326K [0x00000000eab00000, 0x00000000f8980000, 0x0000000100000000)
  eden space 152064K, 0% used [0x00000000eab00000,0x00000000eab00000,0x00000000f3f80000)
  from space 14336K, 99% used [0x00000000f3f80000,0x00000000f4d7d8f0,0x00000000f4d80000)
  to   space 16384K, 0% used [0x00000000f7980000,0x00000000f7980000,0x00000000f8980000)
 ParOldGen       total 91648K, used 21395K [0x00000000c0000000, 0x00000000c5980000, 0x00000000eab00000)
  object space 91648K, 23% used [0x00000000c0000000,0x00000000c14e4e90,0x00000000c5980000)
 Metaspace       used 42298K, capacity 43380K, committed 43776K, reserved 1087488K
  class space    used 5753K, capacity 6023K, committed 6144K, reserved 1048576K
}
Event: 19.743 GC heap before
{Heap before GC invocations=12 (full 2):
 PSYoungGen      total 166400K, used 166390K [0x00000000eab00000, 0x00000000f8980000, 0x0000000100000000)
  eden space 152064K, 100% used [0x00000000eab00000,0x00000000f3f80000,0x00000000f3f80000)
  from space 14336K, 99% used [0x00000000f3f80000,0x00000000f4d7d8f0,0x00000000f4d80000)
  to   space 16384K, 0% used [0x00000000f7980000,0x00000000f7980000,0x00000000f8980000)
 ParOldGen       total 91648K, used 21395K [0x00000000c0000000, 0x00000000c5980000, 0x00000000eab00000)
  object space 91648K, 23% used [0x00000000c0000000,0x00000000c14e4e90,0x00000000c5980000)
 Metaspace       used 45679K, capacity 46888K, committed 46976K, reserved 1089536K
  class space    used 6178K, capacity 6490K, committed 6528K, reserved 1048576K
Event: 19.822 GC heap after
Heap after GC invocations=12 (full 2):
 PSYoungGen      total 206336K, used 16358K [0x00000000eab00000, 0x00000000f8a80000, 0x0000000100000000)
  eden space 189952K, 0% used [0x00000000eab00000,0x00000000eab00000,0x00000000f6480000)
  from space 16384K, 99% used [0x00000000f7980000,0x00000000f8979818,0x00000000f8980000)
  to   space 19456K, 0% used [0x00000000f6480000,0x00000000f6480000,0x00000000f7780000)
 ParOldGen       total 91648K, used 23233K [0x00000000c0000000, 0x00000000c5980000, 0x00000000eab00000)
  object space 91648K, 25% used [0x00000000c0000000,0x00000000c16b06f8,0x00000000c5980000)
 Metaspace       used 45679K, capacity 46888K, committed 46976K, reserved 1089536K
  class space    used 6178K, capacity 6490K, committed 6528K, reserved 1048576K
}
Event: 230.053 GC heap before
{Heap before GC invocations=13 (full 2):
 PSYoungGen      total 206336K, used 206310K [0x00000000eab00000, 0x00000000f8a80000, 0x0000000100000000)
  eden space 189952K, 100% used [0x00000000eab00000,0x00000000f6480000,0x00000000f6480000)
  from space 16384K, 99% used [0x00000000f7980000,0x00000000f8979818,0x00000000f8980000)
  to   space 19456K, 0% used [0x00000000f6480000,0x00000000f6480000,0x00000000f7780000)
 ParOldGen       total 91648K, used 23233K [0x00000000c0000000, 0x00000000c5980000, 0x00000000eab00000)
  object space 91648K, 25% used [0x00000000c0000000,0x00000000c16b06f8,0x00000000c5980000)
 Metaspace       used 52453K, capacity 53762K, committed 54144K, reserved 1095680K
  class space    used 6903K, capacity 7200K, committed 7296K, reserved 1048576K

