# JRE version: OpenJDK Runtime Environment (8.0_92-b14) (build 1.8.0_92-b14)
# Java VM: OpenJDK 64-Bit Server VM (25.92-b14 mixed mode linux-amd64 compressed oops)
Heap:
 PSYoungGen      total 188416K, used 0K [0x00000000eab00000, 0x0000000100000000, 0x0000000100000000)
  eden space 116736K, 0% used [0x00000000eab00000,0x00000000eab00000,0x00000000f1d00000)
  from space 71680K, 0% used [0x00000000fba00000,0x00000000fba00000,0x0000000100000000)
  to   space 116224K, 0% used [0x00000000f1d00000,0x00000000f1d00000,0x00000000f8e80000)
 ParOldGen       total 177664K, used 125055K [0x00000000c0000000, 0x00000000cad80000, 0x00000000eab00000)
  object space 177664K, 70% used [0x00000000c0000000,0x00000000c7a1fc30,0x00000000cad80000)
 Metaspace       used 6429K, capacity 7216K, committed 7296K, reserved 1056768K
  class space    used 593K, capacity 616K, committed 640K, reserved 1048576K
GC Heap History (10 events):
Event: 17.490 GC heap after
Heap after GC invocations=7 (full 0):
 PSYoungGen      total 143360K, used 18422K [0x00000000eab00000, 0x0000000100000000, 0x0000000100000000)
  eden space 124928K, 0% used [0x00000000eab00000,0x00000000eab00000,0x00000000f2500000)
  from space 18432K, 99% used [0x00000000f2500000,0x00000000f36fdaa0,0x00000000f3700000)
  to   space 54784K, 0% used [0x00000000fca80000,0x00000000fca80000,0x0000000100000000)
 ParOldGen       total 86016K, used 85587K [0x00000000c0000000, 0x00000000c5400000, 0x00000000eab00000)
  object space 86016K, 99% used [0x00000000c0000000,0x00000000c5394c08,0x00000000c5400000)
 Metaspace       used 6197K, capacity 7088K, committed 7296K, reserved 1056768K
  class space    used 593K, capacity 616K, committed 640K, reserved 1048576K
}
Event: 17.490 GC heap before
{Heap before GC invocations=8 (full 1):
 PSYoungGen      total 143360K, used 18422K [0x00000000eab00000, 0x0000000100000000, 0x0000000100000000)
  eden space 124928K, 0% used [0x00000000eab00000,0x00000000eab00000,0x00000000f2500000)
  from space 18432K, 99% used [0x00000000f2500000,0x00000000f36fdaa0,0x00000000f3700000)
  to   space 54784K, 0% used [0x00000000fca80000,0x00000000fca80000,0x0000000100000000)
 ParOldGen       total 86016K, used 85587K [0x00000000c0000000, 0x00000000c5400000, 0x00000000eab00000)
  object space 86016K, 99% used [0x00000000c0000000,0x00000000c5394c08,0x00000000c5400000)
 Metaspace       used 6197K, capacity 7088K, committed 7296K, reserved 1056768K
  class space    used 593K, capacity 616K, committed 640K, reserved 1048576K
Event: 19.952 GC heap after
Heap after GC invocations=8 (full 1):
 PSYoungGen      total 143360K, used 14229K [0x00000000eab00000, 0x0000000100000000, 0x0000000100000000)
  eden space 124928K, 0% used [0x00000000eab00000,0x00000000eab00000,0x00000000f2500000)
  from space 18432K, 77% used [0x00000000f2500000,0x00000000f32e5728,0x00000000f3700000)
  to   space 54784K, 0% used [0x00000000fca80000,0x00000000fca80000,0x0000000100000000)
 ParOldGen       total 176640K, used 85822K [0x00000000c0000000, 0x00000000cac80000, 0x00000000eab00000)
  object space 176640K, 48% used [0x00000000c0000000,0x00000000c53cf850,0x00000000cac80000)
 Metaspace       used 6197K, capacity 7088K, committed 7296K, reserved 1056768K
  class space    used 593K, capacity 616K, committed 640K, reserved 1048576K
}
Event: 20.503 GC heap before
{Heap before GC invocations=9 (full 1):
 PSYoungGen      total 143360K, used 139157K [0x00000000eab00000, 0x0000000100000000, 0x0000000100000000)
  eden space 124928K, 100% used [0x00000000eab00000,0x00000000f2500000,0x00000000f2500000)
  from space 18432K, 77% used [0x00000000f2500000,0x00000000f32e5728,0x00000000f3700000)
  to   space 54784K, 0% used [0x00000000fca80000,0x00000000fca80000,0x0000000100000000)
 ParOldGen       total 176640K, used 85822K [0x00000000c0000000, 0x00000000cac80000, 0x00000000eab00000)
  object space 176640K, 48% used [0x00000000c0000000,0x00000000c53cf850,0x00000000cac80000)
 Metaspace       used 6200K, capacity 7088K, committed 7296K, reserved 1056768K
  class space    used 593K, capacity 616K, committed 640K, reserved 1048576K
Event: 20.830 GC heap after
Heap after GC invocations=9 (full 1):
 PSYoungGen      total 231936K, used 54757K [0x00000000eab00000, 0x0000000100000000, 0x0000000100000000)
  eden space 177152K, 0% used [0x00000000eab00000,0x00000000eab00000,0x00000000f5800000)
  from space 54784K, 99% used [0x00000000fca80000,0x00000000ffff94d8,0x0000000100000000)
  to   space 71680K, 0% used [0x00000000f7400000,0x00000000f7400000,0x00000000fba00000)
 ParOldGen       total 176640K, used 100262K [0x00000000c0000000, 0x00000000cac80000, 0x00000000eab00000)
  object space 176640K, 56% used [0x00000000c0000000,0x00000000c61e9850,0x00000000cac80000)
 Metaspace       used 6200K, capacity 7088K, committed 7296K, reserved 1056768K
  class space    used 593K, capacity 616K, committed 640K, reserved 1048576K
}
Event: 23.271 GC heap before
{Heap before GC invocations=10 (full 1):
 PSYoungGen      total 231936K, used 231909K [0x00000000eab00000, 0x0000000100000000, 0x0000000100000000)
  eden space 177152K, 100% used [0x00000000eab00000,0x00000000f5800000,0x00000000f5800000)
  from space 54784K, 99% used [0x00000000fca80000,0x00000000ffff94d8,0x0000000100000000)
  to   space 71680K, 0% used [0x00000000f7400000,0x00000000f7400000,0x00000000fba00000)
 ParOldGen       total 176640K, used 100262K [0x00000000c0000000, 0x00000000cac80000, 0x00000000eab00000)
  object space 176640K, 56% used [0x00000000c0000000,0x00000000c61e9850,0x00000000cac80000)
 Metaspace       used 6272K, capacity 7152K, committed 7296K, reserved 1056768K
  class space    used 593K, capacity 616K, committed 640K, reserved 1048576K
Event: 23.713 GC heap after
Heap after GC invocations=10 (full 1):
 PSYoungGen      total 277504K, used 71667K [0x00000000eab00000, 0x0000000100000000, 0x0000000100000000)
  eden space 205824K, 0% used [0x00000000eab00000,0x00000000eab00000,0x00000000f7400000)
  from space 71680K, 99% used [0x00000000f7400000,0x00000000fb9fcde0,0x00000000fba00000)
  to   space 71680K, 0% used [0x00000000fba00000,0x00000000fba00000,0x0000000100000000)
 ParOldGen       total 176640K, used 118388K [0x00000000c0000000, 0x00000000cac80000, 0x00000000eab00000)
  object space 176640K, 67% used [0x00000000c0000000,0x00000000c739d2a0,0x00000000cac80000)
 Metaspace       used 6272K, capacity 7152K, committed 7296K, reserved 1056768K
  class space    used 593K, capacity 616K, committed 640K, reserved 1048576K
}
Event: 33.037 GC heap before
{Heap before GC invocations=11 (full 1):
 PSYoungGen      total 277504K, used 277491K [0x00000000eab00000, 0x0000000100000000, 0x0000000100000000)
  eden space 205824K, 100% used [0x00000000eab00000,0x00000000f7400000,0x00000000f7400000)
  from space 71680K, 99% used [0x00000000f7400000,0x00000000fb9fcde0,0x00000000fba00000)
  to   space 71680K, 0% used [0x00000000fba00000,0x00000000fba00000,0x0000000100000000)
 ParOldGen       total 176640K, used 118388K [0x00000000c0000000, 0x00000000cac80000, 0x00000000eab00000)
  object space 176640K, 67% used [0x00000000c0000000,0x00000000c739d2a0,0x00000000cac80000)
 Metaspace       used 6429K, capacity 7216K, committed 7296K, reserved 1056768K
  class space    used 593K, capacity 616K, committed 640K, reserved 1048576K
Event: 34.064 GC heap after
Heap after GC invocations=11 (full 1):
 PSYoungGen      total 188416K, used 71664K [0x00000000eab00000, 0x0000000100000000, 0x0000000100000000)
  eden space 116736K, 0% used [0x00000000eab00000,0x00000000eab00000,0x00000000f1d00000)
  from space 71680K, 99% used [0x00000000fba00000,0x00000000ffffc100,0x0000000100000000)
  to   space 116224K, 0% used [0x00000000f1d00000,0x00000000f1d00000,0x00000000f8e80000)
 ParOldGen       total 177664K, used 177154K [0x00000000c0000000, 0x00000000cad80000, 0x00000000eab00000)
  object space 177664K, 99% used [0x00000000c0000000,0x00000000cad00a80,0x00000000cad80000)
 Metaspace       used 6429K, capacity 7216K, committed 7296K, reserved 1056768K
  class space    used 593K, capacity 616K, committed 640K, reserved 1048576K
}
Event: 34.064 GC heap before
{Heap before GC invocations=12 (full 2):
 PSYoungGen      total 188416K, used 71664K [0x00000000eab00000, 0x0000000100000000, 0x0000000100000000)
  eden space 116736K, 0% used [0x00000000eab00000,0x00000000eab00000,0x00000000f1d00000)
  from space 71680K, 99% used [0x00000000fba00000,0x00000000ffffc100,0x0000000100000000)
  to   space 116224K, 0% used [0x00000000f1d00000,0x00000000f1d00000,0x00000000f8e80000)
 ParOldGen       total 177664K, used 177154K [0x00000000c0000000, 0x00000000cad80000, 0x00000000eab00000)
  object space 177664K, 99% used [0x00000000c0000000,0x00000000cad00a80,0x00000000cad80000)
 Metaspace       used 6429K, capacity 7216K, committed 7296K, reserved 1056768K
  class space    used 593K, capacity 616K, committed 640K, reserved 1048576K

