# JRE version: OpenJDK Runtime Environment (8.0_92-b14) (build 1.8.0_92-b14)
# Java VM: OpenJDK 64-Bit Server VM (25.92-b14 mixed mode linux-amd64 compressed oops)
Heap:
 PSYoungGen      total 221184K, used 0K [0x00000000eab00000, 0x0000000100000000, 0x0000000100000000)
  eden space 116736K, 0% used [0x00000000eab00000,0x00000000eab00000,0x00000000f1d00000)
  from space 104448K, 0% used [0x00000000f9a00000,0x00000000f9a00000,0x0000000100000000)
  to   space 116224K, 0% used [0x00000000f1d00000,0x00000000f1d00000,0x00000000f8e80000)
 ParOldGen       total 317440K, used 211550K [0x00000000c0000000, 0x00000000d3600000, 0x00000000eab00000)
  object space 317440K, 66% used [0x00000000c0000000,0x00000000cce97a68,0x00000000d3600000)
 Metaspace       used 6433K, capacity 7216K, committed 7296K, reserved 1056768K
  class space    used 595K, capacity 616K, committed 640K, reserved 1048576K
GC Heap History (10 events):
Event: 25.104 GC heap after
Heap after GC invocations=8 (full 1):
 PSYoungGen      total 287232K, used 51705K [0x00000000eab00000, 0x0000000100000000, 0x0000000100000000)
  eden space 235520K, 0% used [0x00000000eab00000,0x00000000eab00000,0x00000000f9100000)
  from space 51712K, 99% used [0x00000000f9100000,0x00000000fc37e610,0x00000000fc380000)
  to   space 61952K, 0% used [0x00000000fc380000,0x00000000fc380000,0x0000000100000000)
 ParOldGen       total 169984K, used 136246K [0x00000000c0000000, 0x00000000ca600000, 0x00000000eab00000)
  object space 169984K, 80% used [0x00000000c0000000,0x00000000c850d898,0x00000000ca600000)
 Metaspace       used 6424K, capacity 7216K, committed 7296K, reserved 1056768K
  class space    used 595K, capacity 616K, committed 640K, reserved 1048576K
}
Event: 25.104 GC heap before
{Heap before GC invocations=9 (full 2):
 PSYoungGen      total 287232K, used 51705K [0x00000000eab00000, 0x0000000100000000, 0x0000000100000000)
  eden space 235520K, 0% used [0x00000000eab00000,0x00000000eab00000,0x00000000f9100000)
  from space 51712K, 99% used [0x00000000f9100000,0x00000000fc37e610,0x00000000fc380000)
  to   space 61952K, 0% used [0x00000000fc380000,0x00000000fc380000,0x0000000100000000)
 ParOldGen       total 169984K, used 136246K [0x00000000c0000000, 0x00000000ca600000, 0x00000000eab00000)
  object space 169984K, 80% used [0x00000000c0000000,0x00000000c850d898,0x00000000ca600000)
 Metaspace       used 6424K, capacity 7216K, committed 7296K, reserved 1056768K
  class space    used 595K, capacity 616K, committed 640K, reserved 1048576K
Event: 28.210 GC heap after
Heap after GC invocations=9 (full 2):
 PSYoungGen      total 287232K, used 8989K [0x00000000eab00000, 0x0000000100000000, 0x0000000100000000)
  eden space 235520K, 0% used [0x00000000eab00000,0x00000000eab00000,0x00000000f9100000)
  from space 51712K, 17% used [0x00000000f9100000,0x00000000f99c75f0,0x00000000fc380000)
  to   space 61952K, 0% used [0x00000000fc380000,0x00000000fc380000,0x0000000100000000)
 ParOldGen       total 317440K, used 169793K [0x00000000c0000000, 0x00000000d3600000, 0x00000000eab00000)
  object space 317440K, 53% used [0x00000000c0000000,0x00000000ca5d0578,0x00000000d3600000)
 Metaspace       used 6424K, capacity 7216K, committed 7296K, reserved 1056768K
  class space    used 595K, capacity 616K, committed 640K, reserved 1048576K
}
Event: 31.178 GC heap before
{Heap before GC invocations=10 (full 2):
 PSYoungGen      total 287232K, used 244509K [0x00000000eab00000, 0x0000000100000000, 0x0000000100000000)
  eden space 235520K, 100% used [0x00000000eab00000,0x00000000f9100000,0x00000000f9100000)
  from space 51712K, 17% used [0x00000000f9100000,0x00000000f99c75f0,0x00000000fc380000)
  to   space 61952K, 0% used [0x00000000fc380000,0x00000000fc380000,0x0000000100000000)
 ParOldGen       total 317440K, used 169793K [0x00000000c0000000, 0x00000000d3600000, 0x00000000eab00000)
  object space 317440K, 53% used [0x00000000c0000000,0x00000000ca5d0578,0x00000000d3600000)
 Metaspace       used 6428K, capacity 7216K, committed 7296K, reserved 1056768K
  class space    used 595K, capacity 616K, committed 640K, reserved 1048576K
Event: 31.884 GC heap after
Heap after GC invocations=10 (full 2):
 PSYoungGen      total 202240K, used 61927K [0x00000000eab00000, 0x0000000100000000, 0x0000000100000000)
  eden space 140288K, 0% used [0x00000000eab00000,0x00000000eab00000,0x00000000f3400000)
  from space 61952K, 99% used [0x00000000fc380000,0x00000000ffff9eb0,0x0000000100000000)
  to   space 104448K, 0% used [0x00000000f3400000,0x00000000f3400000,0x00000000f9a00000)
 ParOldGen       total 317440K, used 191915K [0x00000000c0000000, 0x00000000d3600000, 0x00000000eab00000)
  object space 317440K, 60% used [0x00000000c0000000,0x00000000cbb6aed8,0x00000000d3600000)
 Metaspace       used 6428K, capacity 7216K, committed 7296K, reserved 1056768K
  class space    used 595K, capacity 616K, committed 640K, reserved 1048576K
}
Event: 36.061 GC heap before
{Heap before GC invocations=11 (full 2):
 PSYoungGen      total 202240K, used 202215K [0x00000000eab00000, 0x0000000100000000, 0x0000000100000000)
  eden space 140288K, 100% used [0x00000000eab00000,0x00000000f3400000,0x00000000f3400000)
  from space 61952K, 99% used [0x00000000fc380000,0x00000000ffff9eb0,0x0000000100000000)
  to   space 104448K, 0% used [0x00000000f3400000,0x00000000f3400000,0x00000000f9a00000)
 ParOldGen       total 317440K, used 191915K [0x00000000c0000000, 0x00000000d3600000, 0x00000000eab00000)
  object space 317440K, 60% used [0x00000000c0000000,0x00000000cbb6aed8,0x00000000d3600000)
 Metaspace       used 6433K, capacity 7216K, committed 7296K, reserved 1056768K
  class space    used 595K, capacity 616K, committed 640K, reserved 1048576K
Event: 36.562 GC heap after
Heap after GC invocations=11 (full 2):
 PSYoungGen      total 244736K, used 104430K [0x00000000eab00000, 0x0000000100000000, 0x0000000100000000)
  eden space 140288K, 0% used [0x00000000eab00000,0x00000000eab00000,0x00000000f3400000)
  from space 104448K, 99% used [0x00000000f3400000,0x00000000f99fbbc0,0x00000000f9a00000)
  to   space 104448K, 0% used [0x00000000f9a00000,0x00000000f9a00000,0x0000000100000000)
 ParOldGen       total 317440K, used 214624K [0x00000000c0000000, 0x00000000d3600000, 0x00000000eab00000)
  object space 317440K, 67% used [0x00000000c0000000,0x00000000cd1981b8,0x00000000d3600000)
 Metaspace       used 6433K, capacity 7216K, committed 7296K, reserved 1056768K
  class space    used 595K, capacity 616K, committed 640K, reserved 1048576K
}
Event: 36.897 GC heap before
{Heap before GC invocations=12 (full 2):
 PSYoungGen      total 244736K, used 244718K [0x00000000eab00000, 0x0000000100000000, 0x0000000100000000)
  eden space 140288K, 100% used [0x00000000eab00000,0x00000000f3400000,0x00000000f3400000)
  from space 104448K, 99% used [0x00000000f3400000,0x00000000f99fbbc0,0x00000000f9a00000)
  to   space 104448K, 0% used [0x00000000f9a00000,0x00000000f9a00000,0x0000000100000000)
 ParOldGen       total 317440K, used 214624K [0x00000000c0000000, 0x00000000d3600000, 0x00000000eab00000)
  object space 317440K, 67% used [0x00000000c0000000,0x00000000cd1981b8,0x00000000d3600000)
 Metaspace       used 6433K, capacity 7216K, committed 7296K, reserved 1056768K
  class space    used 595K, capacity 616K, committed 640K, reserved 1048576K
Event: 37.666 GC heap after
Heap after GC invocations=12 (full 2):
 PSYoungGen      total 221184K, used 104437K [0x00000000eab00000, 0x0000000100000000, 0x0000000100000000)
  eden space 116736K, 0% used [0x00000000eab00000,0x00000000eab00000,0x00000000f1d00000)
  from space 104448K, 99% used [0x00000000f9a00000,0x00000000ffffd618,0x0000000100000000)
  to   space 116224K, 0% used [0x00000000f1d00000,0x00000000f1d00000,0x00000000f8e80000)
 ParOldGen       total 317440K, used 278941K [0x00000000c0000000, 0x00000000d3600000, 0x00000000eab00000)
  object space 317440K, 87% used [0x00000000c0000000,0x00000000d10674f0,0x00000000d3600000)
 Metaspace       used 6433K, capacity 7216K, committed 7296K, reserved 1056768K
  class space    used 595K, capacity 616K, committed 640K, reserved 1048576K
}
Event: 37.667 GC heap before
{Heap before GC invocations=13 (full 3):
 PSYoungGen      total 221184K, used 104437K [0x00000000eab00000, 0x0000000100000000, 0x0000000100000000)
  eden space 116736K, 0% used [0x00000000eab00000,0x00000000eab00000,0x00000000f1d00000)
  from space 104448K, 99% used [0x00000000f9a00000,0x00000000ffffd618,0x0000000100000000)
  to   space 116224K, 0% used [0x00000000f1d00000,0x00000000f1d00000,0x00000000f8e80000)
 ParOldGen       total 317440K, used 278941K [0x00000000c0000000, 0x00000000d3600000, 0x00000000eab00000)
  object space 317440K, 87% used [0x00000000c0000000,0x00000000d10674f0,0x00000000d3600000)
 Metaspace       used 6433K, capacity 7216K, committed 7296K, reserved 1056768K
  class space    used 595K, capacity 616K, committed 640K, reserved 1048576K

